Compiled jquery-ui.min.js  (26ms)  (pid 572)
Compiled jquery.min.js  (38ms)  (pid 572)
Compiled application.js  (5ms)  (pid 6756)
Compiled jquery.js  (37ms)  (pid 6756)
Compiled jquery_ujs.js  (22ms)  (pid 6756)
Compiled comments.js  (265ms)  (pid 6756)
Compiled microposts.js  (244ms)  (pid 6756)
Compiled pages.js  (181ms)  (pid 6756)
Compiled replies.js  (157ms)  (pid 6756)
Compiled sessions.js  (193ms)  (pid 6756)
Compiled users.js  (163ms)  (pid 6756)
Compiled votes.js  (157ms)  (pid 6756)
Compiled application.css  (6ms)  (pid 6756)
Compiled comments.css  (10ms)  (pid 6756)
Compiled custom.css  (0ms)  (pid 6756)
Compiled jquery-ui.min.js  (40ms)  (pid 8364)
Compiled jquery.min.js  (104ms)  (pid 8364)
Compiled application.js  (54ms)  (pid 8364)
Compiled jquery.js  (123ms)  (pid 8364)
Compiled jquery_ujs.js  (17ms)  (pid 8364)
